{"numTotalTestSuites":8,"numPassedTestSuites":8,"numFailedTestSuites":0,"numPendingTestSuites":0,"numTotalTests":14,"numPassedTests":14,"numFailedTests":0,"numPendingTests":0,"numTodoTests":0,"snapshot":{"added":0,"failure":false,"filesAdded":0,"filesRemoved":0,"filesRemovedList":[],"filesUnmatched":0,"filesUpdated":0,"matched":0,"total":0,"unchecked":0,"uncheckedKeysByFile":[],"unmatched":0,"updated":0,"didUpdate":false},"startTime":1783949507290,"success":true,"testResults":[{"assertionResults":[{"ancestorTitles":["EmptyChart"],"fullName":"EmptyChart renders default message","status":"passed","title":"renders default message","duration":27.70620000000008,"failureMessages":[],"meta":{},"tags":[]},{"ancestorTitles":["EmptyChart"],"fullName":"EmptyChart renders custom message","status":"passed","title":"renders custom message","duration":2.7210999999999785,"failureMessages":[],"meta":{},"tags":[]},{"ancestorTitles":["EmptyChart"],"fullName":"EmptyChart applies custom className","status":"passed","title":"applies custom className","duration":2.2695000000001073,"failureMessages":[],"meta":{},"tags":[]},{"ancestorTitles":["EmptyChart"],"fullName":"EmptyChart renders inbox icon","status":"passed","title":"renders inbox icon","duration":2.241000000000213,"failureMessages":[],"meta":{},"tags":[]}],"startTime":1783949509350,"endTime":1783949509385.241,"status":"passed","message":"","name":"E:/Prizm/TradingThemesGod/frontend/src/components/charts/EmptyChart.test.tsx"},{"assertionResults":[{"ancestorTitles":["IndustryChainPie"],"fullName":"IndustryChainPie renders chart when chains provided","status":"passed","title":"renders chart when chains provided","duration":25.69069999999988,"failureMessages":[],"meta":{},"tags":[]},{"ancestorTitles":["IndustryChainPie"],"fullName":"IndustryChainPie renders empty state when no chains","status":"passed","title":"renders empty state when no chains","duration":10.695999999999913,"failureMessages":[],"meta":{},"tags":[]},{"ancestorTitles":["IndustryChainPie"],"fullName":"IndustryChainPie renders chart when only some levels have data","status":"passed","title":"renders chart when only some levels have data","duration":2.1862999999998465,"failureMessages":[],"meta":{},"tags":[]},{"ancestorTitles":["IndustryChainPie"],"fullName":"IndustryChainPie applies custom className","status":"passed","title":"applies custom className","duration":2.042000000000371,"failureMessages":[],"meta":{},"tags":[]}],"startTime":1783949509364,"endTime":1783949509405.042,"status":"passed","message":"","name":"E:/Prizm/TradingThemesGod/frontend/src/components/charts/IndustryChainPie.test.tsx"},{"assertionResults":[{"ancestorTitles":["ThemeHeatTrendLine"],"fullName":"ThemeHeatTrendLine renders chart when data provided","status":"passed","title":"renders chart when data provided","duration":25.745100000000093,"failureMessages":[],"meta":{},"tags":[]},{"ancestorTitles":["ThemeHeatTrendLine"],"fullName":"ThemeHeatTrendLine renders empty state when no data","status":"passed","title":"renders empty state when no data","duration":10.724300000000085,"failureMessages":[],"meta":{},"tags":[]},{"ancestorTitles":["ThemeHeatTrendLine"],"fullName":"ThemeHeatTrendLine applies custom className","status":"passed","title":"applies custom className","duration":2.3479999999999563,"failureMessages":[],"meta":{},"tags":[]}],"startTime":1783949509364,"endTime":1783949509402.348,"status":"passed","message":"","name":"E:/Prizm/TradingThemesGod/frontend/src/components/charts/ThemeHeatTrendLine.test.tsx"},{"assertionResults":[{"ancestorTitles":["ThemeRiseFallBar"],"fullName":"ThemeRiseFallBar renders chart when themes provided","status":"passed","title":"renders chart when themes provided","duration":25.930900000000065,"failureMessages":[],"meta":{},"tags":[]},{"ancestorTitles":["ThemeRiseFallBar"],"fullName":"ThemeRiseFallBar renders empty state when no themes","status":"passed","title":"renders empty state when no themes","duration":10.948399999999765,"failureMessages":[],"meta":{},"tags":[]},{"ancestorTitles":["ThemeRiseFallBar"],"fullName":"ThemeRiseFallBar applies custom className","status":"passed","title":"applies custom className","duration":2.361499999999978,"failureMessages":[],"meta":{},"tags":[]}],"startTime":1783949509364,"endTime":1783949509403.3616,"status":"passed","message":"","name":"E:/Prizm/TradingThemesGod/frontend/src/components/charts/ThemeRiseFallBar.test.tsx"}]}
